<?xml version="1.0" encoding="UTF-8"?>
<!-- Generated by org.testng.reporters.JUnitXMLReporter -->
<testsuite ignored="0" hostname="Lenovo" failures="0" tests="3" name="Default test" time="0.157" errors="0" timestamp="2022-03-19T05:53:40 IST">
  <testcase classname="Rediff.VerifyHomePageTitle" name="openBrowser" time="0.024"/>
  <testcase classname="Rediff.VerifyHomePageTitle" name="checkTitle" time="0.003"/>
  <testcase classname="Rediff.VerifyHomePageTitle" name="closeBrowser" time="0.004"/>
</testsuite> <!-- Default test -->
