<?xml version="1.0" encoding="UTF-8"?>
<testng-results ignored="0" total="3" passed="3" failed="0" skipped="0">
  <reporter-output>
  </reporter-output>
  <suite started-at="2022-03-19T05:53:40 IST" name="Default suite" finished-at="2022-03-19T05:53:40 IST" duration-ms="157">
    <groups>
    </groups>
    <test started-at="2022-03-19T05:53:40 IST" name="Default test" finished-at="2022-03-19T05:53:40 IST" duration-ms="157">
      <class name="Rediff.VerifyHomePageTitle">
        <test-method signature="openBrowser()[pri:1, instance:Rediff.VerifyHomePageTitle@5939a379]" started-at="2022-03-19T05:53:40 IST" name="openBrowser" finished-at="2022-03-19T05:53:40 IST" duration-ms="24" status="PASS">
          <reporter-output>
          </reporter-output>
        </test-method> <!-- openBrowser -->
        <test-method signature="checkTitle()[pri:2, instance:Rediff.VerifyHomePageTitle@5939a379]" started-at="2022-03-19T05:53:40 IST" name="checkTitle" finished-at="2022-03-19T05:53:40 IST" duration-ms="3" status="PASS">
          <reporter-output>
          </reporter-output>
        </test-method> <!-- checkTitle -->
        <test-method signature="closeBrowser()[pri:3, instance:Rediff.VerifyHomePageTitle@5939a379]" started-at="2022-03-19T05:53:40 IST" name="closeBrowser" finished-at="2022-03-19T05:53:40 IST" duration-ms="4" status="PASS">
          <reporter-output>
          </reporter-output>
        </test-method> <!-- closeBrowser -->
      </class> <!-- Rediff.VerifyHomePageTitle -->
    </test> <!-- Default test -->
  </suite> <!-- Default suite -->
</testng-results>
